Running as user 'root' is a security risk.
Exception in thread odoo.service.cron.cron0:
Traceback (most recent call last):
  File "/usr/lib/python3.12/threading.py", line 1073, in _bootstrap_inner
    self.run()
  File "/usr/lib/python3.12/threading.py", line 1010, in run
    self._target(*self._args, **self._kwargs)
  File "/opt/prod-new/BinaryBuddiesWEB/odoo18/odoo/odoo/service/server.py", line 541, in target
    self.cron_thread(i)
  File "/opt/prod-new/BinaryBuddiesWEB/odoo18/odoo/odoo/service/server.py", line 523, in cron_thread
    _run_cron(cr)
  File "/opt/prod-new/BinaryBuddiesWEB/odoo18/odoo/odoo/service/server.py", line 507, in _run_cron
    pg_conn.poll()
psycopg2.InterfaceError: connection already closed
Running as user 'root' is a security risk.
Exception in thread odoo.service.cron.cron0:
Traceback (most recent call last):
  File "/usr/lib/python3.12/threading.py", line 1073, in _bootstrap_inner
    self.run()
  File "/usr/lib/python3.12/threading.py", line 1010, in run
    self._target(*self._args, **self._kwargs)
  File "/opt/prod-new/BinaryBuddiesWEB/odoo18/odoo/odoo/service/server.py", line 541, in target
    self.cron_thread(i)
  File "/opt/prod-new/BinaryBuddiesWEB/odoo18/odoo/odoo/service/server.py", line 523, in cron_thread
    _run_cron(cr)
  File "/opt/prod-new/BinaryBuddiesWEB/odoo18/odoo/odoo/service/server.py", line 507, in _run_cron
    pg_conn.poll()
psycopg2.InterfaceError: connection already closed
Running as user 'root' is a security risk.
